<?xml version="1.0" encoding="UTF-8"?>
<!-- Generated by org.testng.reporters.JUnitReportReporter -->
<testsuite hostname="MUMW7L249" name="com.lrn.moduleCompletionScript.ModuleCompletionScript" tests="6" failures="0" timestamp="21 May 2019 14:57:24 GMT" time="313.296" errors="0">
  <testcase name="chartSelctionShowModuleCompletionStatus" time="77.733" classname="com.lrn.moduleCompletionScript.ModuleCompletionScript"/>
  <testcase name="moduleCompletionStatusViewDetailPageVerify" time="23.409" classname="com.lrn.moduleCompletionScript.ModuleCompletionScript"/>
  <testcase name="InViewDetailPageVerifyReportDetails" time="51.556" classname="com.lrn.moduleCompletionScript.ModuleCompletionScript"/>
  <testcase name="enableDrillDownReportDetailsForUserProgressReportVerify" time="36.064" classname="com.lrn.moduleCompletionScript.ModuleCompletionScript"/>
  <testcase name="InViewDetailPageReportSearchBoxVerify" time="58.314" classname="com.lrn.moduleCompletionScript.ModuleCompletionScript"/>
  <testcase name="reportDetailsPagePaginationTest" time="66.220" classname="com.lrn.moduleCompletionScript.ModuleCompletionScript"/>
</testsuite> <!-- com.lrn.moduleCompletionScript.ModuleCompletionScript -->
