<?xml version="1.0" encoding="UTF-8"?>
<!-- Generated by org.testng.reporters.JUnitReportReporter -->
<testsuite hostname="MUMW7L249" name="com.lrn.reportsScript.UserProgressScript" tests="4" failures="0" timestamp="15 Jul 2019 05:23:25 GMT" time="207.322" errors="0">
  <testcase name="InUserProgressGraphReportDetailsSearchByFilterVerify" time="52.469" classname="com.lrn.reportsScript.UserProgressScript"/>
  <testcase name="InUserProgressGraphViewDetailsVerify" time="46.743" classname="com.lrn.reportsScript.UserProgressScript"/>
  <testcase name="InUserProgressGraphUserProgressPagelikePagenation" time="11.392" classname="com.lrn.reportsScript.UserProgressScript"/>
  <testcase name="InUserProgressGraphViewDetailsCountDataTable" time="96.718" classname="com.lrn.reportsScript.UserProgressScript"/>
</testsuite> <!-- com.lrn.reportsScript.UserProgressScript -->
