<?xml version="1.0" encoding="UTF-8"?>
<!-- Generated by org.testng.reporters.JUnitReportReporter -->
<testsuite hostname="MUMW7L249" name="com.lrn.reportsScript.CampaignProgress" tests="5" failures="0" timestamp="23 Jul 2019 07:41:55 GMT" time="219.854" errors="0">
  <testcase name="campaignProgressReportDetailsPagenationVerify" time="73.142" classname="com.lrn.reportsScript.CampaignProgress"/>
  <testcase name="campaignProgressViewDetailsCount" time="47.041" classname="com.lrn.reportsScript.CampaignProgress"/>
  <testcase name="campaignProgressReportDetailsVerify" time="22.880" classname="com.lrn.reportsScript.CampaignProgress"/>
  <testcase name="campaignProgressReportDetailsSearchByFilterVerify" time="54.853" classname="com.lrn.reportsScript.CampaignProgress"/>
  <testcase name="campaignProgressExportAsButtonVerify" time="21.938" classname="com.lrn.reportsScript.CampaignProgress"/>
</testsuite> <!-- com.lrn.reportsScript.CampaignProgress -->
