<?xml version="1.0" encoding="UTF-8"?>
<!-- Generated by org.testng.reporters.JUnitReportReporter -->
<testsuite hostname="MUMW7L249" name="com.lrn.reportsScript.ModuleCompletionScript" tests="9" failures="0" timestamp="25 Sep 2019 09:24:19 GMT" time="755.777" errors="0">
  <testcase name="enableDrillDownReportDetailsForUserProgressReportVerify" time="101.409" classname="com.lrn.reportsScript.ModuleCompletionScript"/>
  <testcase name="InViewDetailPageReportSearchBoxVerify" time="126.803" classname="com.lrn.reportsScript.ModuleCompletionScript"/>
  <testcase name="moduleCompletionStatusViewDetailPageVerify" time="63.529" classname="com.lrn.reportsScript.ModuleCompletionScript"/>
  <testcase name="verifyShowCampaignProgress" time="51.335" classname="com.lrn.reportsScript.ModuleCompletionScript"/>
  <testcase name="moduleCompletionButtonVerify" time="62.549" classname="com.lrn.reportsScript.ModuleCompletionScript"/>
  <testcase name="InViewDetailPageVerifyReportDetails" time="122.340" classname="com.lrn.reportsScript.ModuleCompletionScript"/>
  <testcase name="reportDetailsPagePaginationTest" time="95.735" classname="com.lrn.reportsScript.ModuleCompletionScript"/>
  <testcase name="moduleCompleteAndIncompleteTest" time="76.412" classname="com.lrn.reportsScript.ModuleCompletionScript"/>
  <testcase name="chartSelctionShowModuleCompletionStatus" time="55.665" classname="com.lrn.reportsScript.ModuleCompletionScript"/>
</testsuite> <!-- com.lrn.reportsScript.ModuleCompletionScript -->
