<?xml version="1.0" encoding="UTF-8"?>
<!-- Generated by org.testng.reporters.JUnitReportReporter -->
<testsuite hostname="MUMW7L249" name="com.lrn.reportsScript.ReportScript" tests="22" failures="1" timestamp="10 Sep 2019 11:28:54 GMT" time="883.701" errors="0">
  <testcase name="businessUnitDownloadImagebuttonverify" time="13.014" classname="com.lrn.reportsScript.ReportScript"/>
  <testcase name="catalogIDViewDetailsCount" time="35.702" classname="com.lrn.reportsScript.ReportScript"/>
  <testcase name="businessUnitclickViewDetails" time="37.735" classname="com.lrn.reportsScript.ReportScript"/>
  <testcase name="verifyCardsForAnyProxyUser" time="119.043" classname="com.lrn.reportsScript.ReportScript"/>
  <testcase name="InReportManagerVerifyViewerHierachy" time="13.809" classname="com.lrn.reportsScript.ReportScript"/>
  <testcase name="supervisorNameViewDetailsAndCountVerify" time="35.971" classname="com.lrn.reportsScript.ReportScript"/>
  <testcase name="supervisorNameDownloadImageButtonVerify" time="14.504" classname="com.lrn.reportsScript.ReportScript"/>
  <testcase name="catalogIDViewDetailsCount" time="32.258" classname="com.lrn.reportsScript.ReportScript"/>
  <testcase name="addingIncorrectProxyUser" time="32.854" classname="com.lrn.reportsScript.ReportScript"/>
  <testcase name="catalogIDViewDetailsCount" time="39.057" classname="com.lrn.reportsScript.ReportScript"/>
  <testcase name="addProxyVerifyAllDesbordDataThatNewAddedUser" time="68.665" classname="com.lrn.reportsScript.ReportScript"/>
  <testcase name="deleteProxyTest" time="73.119" classname="com.lrn.reportsScript.ReportScript"/>
  <testcase name="assignProxyFromReportPage" time="50.122" classname="com.lrn.reportsScript.ReportScript">
    <failure type="java.lang.AssertionError" message="expected [true] but found [false]">
      <![CDATA[java.lang.AssertionError: expected [true] but found [false]
	at org.testng.Assert.fail(Assert.java:94)
	at org.testng.Assert.failNotEquals(Assert.java:513)
	at org.testng.Assert.assertTrue(Assert.java:42)
	at org.testng.Assert.assertTrue(Assert.java:52)
	at com.lrn.reportScriptUtili.ReportsScriptUtili.commenAddProxy(ReportsScriptUtili.java:289)
	at com.lrn.reportScriptUtili.ReportsScriptUtili.assignProxyInReportsPage(ReportsScriptUtili.java:299)
	at com.lrn.reportsScript.ReportScript.assignProxyFromReportPage(ReportScript.java:82)
	at sun.reflect.NativeMethodAccessorImpl.invoke0(Native Method)
	at sun.reflect.NativeMethodAccessorImpl.invoke(Unknown Source)
	at sun.reflect.DelegatingMethodAccessorImpl.invoke(Unknown Source)
	at java.lang.reflect.Method.invoke(Unknown Source)
	at org.testng.internal.MethodInvocationHelper.invokeMethod(MethodInvocationHelper.java:86)
	at org.testng.internal.Invoker.invokeMethod(Invoker.java:643)
	at org.testng.internal.Invoker.invokeTestMethod(Invoker.java:820)
	at org.testng.internal.Invoker.invokeTestMethods(Invoker.java:1128)
	at org.testng.internal.TestMethodWorker.invokeTestMethods(TestMethodWorker.java:129)
	at org.testng.internal.TestMethodWorker.run(TestMethodWorker.java:112)
	at org.testng.TestRunner.privateRun(TestRunner.java:782)
	at org.testng.TestRunner.run(TestRunner.java:632)
	at org.testng.SuiteRunner.runTest(SuiteRunner.java:366)
	at org.testng.SuiteRunner.runSequentially(SuiteRunner.java:361)
	at org.testng.SuiteRunner.privateRun(SuiteRunner.java:319)
	at org.testng.SuiteRunner.run(SuiteRunner.java:268)
	at org.testng.SuiteRunnerWorker.runSuite(SuiteRunnerWorker.java:52)
	at org.testng.SuiteRunnerWorker.run(SuiteRunnerWorker.java:86)
	at org.testng.TestNG.runSuitesSequentially(TestNG.java:1244)
	at org.testng.TestNG.runSuitesLocally(TestNG.java:1169)
	at org.testng.TestNG.run(TestNG.java:1064)
	at org.testng.remote.AbstractRemoteTestNG.run(AbstractRemoteTestNG.java:114)
	at org.testng.remote.RemoteTestNG.initAndRun(RemoteTestNG.java:251)
	at org.testng.remote.RemoteTestNG.main(RemoteTestNG.java:77)
]]>
    </failure>
  </testcase> <!-- assignProxyFromReportPage -->
  <testcase name="catalogIDDownloadImageButtonVerify" time="13.334" classname="com.lrn.reportsScript.ReportScript"/>
  <testcase name="InReportManagerHideExportAsButtonFromUsers" time="76.943" classname="com.lrn.reportsScript.ReportScript"/>
  <testcase name="assignProxyReportHistory" time="48.674" classname="com.lrn.reportsScript.ReportScript"/>
  <testcase name="supervisorNameViewDetailsAndCountVerify" time="38.540" classname="com.lrn.reportsScript.ReportScript"/>
  <testcase name="businessUnitclickViewDetails" time="36.455" classname="com.lrn.reportsScript.ReportScript"/>
  <testcase name="InReportManagerVerifyCampaignSelection" time="14.816" classname="com.lrn.reportsScript.ReportScript"/>
  <testcase name="supervisorNameViewDetailsAndCountVerify" time="36.013" classname="com.lrn.reportsScript.ReportScript"/>
  <testcase name="businessUnitclickViewDetails" time="41.600" classname="com.lrn.reportsScript.ReportScript"/>
  <testcase name="resfreshDataTest" time="11.473" classname="com.lrn.reportsScript.ReportScript"/>
</testsuite> <!-- com.lrn.reportsScript.ReportScript -->
