<?xml version="1.0" encoding="UTF-8"?>
<!-- Generated by org.testng.reporters.JUnitReportReporter -->
<testsuite hostname="MUMW7L249" name="ChromeTest" tests="1" failures="0" timestamp="2 May 2019 12:00:49 GMT" time="3.281" errors="0">
  <testcase name="Seleniumtest1" time="3.281" classname="ChromeTest"/>
</testsuite> <!-- ChromeTest -->
